{"uid":"de3a01c2e30566b9","name":"swapTokens","fullName":"tests.SwapTest.swapTokens","historyId":"709d06ffe3a005f58421dda19c11e331","time":{"start":1753570081778,"stop":1753570150106,"duration":68328},"status":"failed","statusMessage":"Invalid element state [By.xpath: //div[text()='Sell:']/parent::div/parent::div//button[not(text()='Max')]]: element click intercepted: Element <button class=\"flex items-center gap-4 px-3 py-1 w-fit bg-card rounded-xl hover:bg-card-hover _selectWrapper_lt1q3_100\">...</button> is not clickable at point (635, 306). Other element would receive the click: <div class=\"iekbcc0 ju367vc6 ju367vl ju367vt ju367vv\" style=\"inset: 0px; position: absolute; z-index: 1;\"></div>\nScreenshot: file:/home/runner/work/AtlantisDEX/AtlantisDEX/build/reports/tests/1753570149484.0.png\nPage source: file:/home/runner/work/AtlantisDEX/AtlantisDEX/build/reports/tests/1753570149484.0.html\nTimeout: 15 s.\nCaused by: ElementClickInterceptedException: element click intercepted: Element <button class=\"flex items-center gap-4 px-3 py-1 w-fit bg-card rounded-xl hover:bg-card-hover _selectWrapper_lt1q3_100\">...</button> is not clickable at point (635, 306). Other element would receive the click: <div class=\"iekbcc0 ju367vc6 ju367vl ju367vt ju367vv\" style=\"inset: 0px; position: absolute; z-index: 1;\"></div>","statusTrace":"Invalid element state [By.xpath: //div[text()='Sell:']/parent::div/parent::div//button[not(text()='Max')]]: element click intercepted: Element <button class=\"flex items-center gap-4 px-3 py-1 w-fit bg-card rounded-xl hover:bg-card-hover _selectWrapper_lt1q3_100\">...</button> is not clickable at point (635, 306). Other element would receive the click: <div class=\"iekbcc0 ju367vc6 ju367vl ju367vt ju367vv\" style=\"inset: 0px; position: absolute; z-index: 1;\"></div>\nScreenshot: file:/home/runner/work/AtlantisDEX/AtlantisDEX/build/reports/tests/1753570149484.0.png\nPage source: file:/home/runner/work/AtlantisDEX/AtlantisDEX/build/reports/tests/1753570149484.0.html\nTimeout: 15 s.\nCaused by: ElementClickInterceptedException: element click intercepted: Element <button class=\"flex items-center gap-4 px-3 py-1 w-fit bg-card rounded-xl hover:bg-card-hover _selectWrapper_lt1q3_100\">...</button> is not clickable at point (635, 306). Other element would receive the click: <div class=\"iekbcc0 ju367vc6 ju367vl ju367vt ju367vv\" style=\"inset: 0px; position: absolute; z-index: 1;\"></div>\n\tat com.codeborne.selenide.impl.ExceptionWrapper.wrap(ExceptionWrapper.java:19)\n\tat com.codeborne.selenide.impl.SelenideElementProxy.dispatchAndRetry(SelenideElementProxy.java:153)\n\tat com.codeborne.selenide.impl.SelenideElementProxy.invoke(SelenideElementProxy.java:83)\n\tat jdk.proxy2/jdk.proxy2.$Proxy28.click(Unknown Source)\n\tat pages.SwapPage.getTokenBalance(SwapPage.java:102)\n\tat pages.SwapPage.swapTokens(SwapPage.java:112)\n\tat tests.SwapTest.swapTokens(SwapTest.java:24)\n\tat java.base/jdk.internal.reflect.NativeMethodAccessorImpl.invoke0(Native Method)\n\tat java.base/jdk.internal.reflect.NativeMethodAccessorImpl.invoke(NativeMethodAccessorImpl.java:77)\n\tat java.base/jdk.internal.reflect.DelegatingMethodAccessorImpl.invoke(DelegatingMethodAccessorImpl.java:43)\n\tat java.base/java.lang.reflect.Method.invoke(Method.java:569)\n\tat org.testng.internal.invokers.MethodInvocationHelper.invokeMethod(MethodInvocationHelper.java:141)\n\tat org.testng.internal.invokers.TestInvoker.invokeMethod(TestInvoker.java:687)\n\tat org.testng.internal.invokers.TestInvoker.invokeTestMethod(TestInvoker.java:230)\n\tat org.testng.internal.invokers.MethodRunner.runInSequence(MethodRunner.java:63)\n\tat org.testng.internal.invokers.TestInvoker$MethodInvocationAgent.invoke(TestInvoker.java:995)\n\tat org.testng.internal.invokers.TestInvoker.invokeTestMethods(TestInvoker.java:203)\n\tat org.testng.internal.invokers.TestMethodWorker.invokeTestMethods(TestMethodWorker.java:154)\n\tat org.testng.internal.invokers.TestMethodWorker.run(TestMethodWorker.java:134)\n\tat java.base/java.util.ArrayList.forEach(ArrayList.java:1511)\n\tat org.testng.TestRunner.privateRun(TestRunner.java:741)\n\tat org.testng.TestRunner.run(TestRunner.java:616)\n\tat org.testng.SuiteRunner.runTest(SuiteRunner.java:421)\n\tat org.testng.SuiteRunner.runSequentially(SuiteRunner.java:413)\n\tat org.testng.SuiteRunner.privateRun(SuiteRunner.java:373)\n\tat org.testng.SuiteRunner.run(SuiteRunner.java:312)\n\tat org.testng.SuiteRunnerWorker.runSuite(SuiteRunnerWorker.java:52)\n\tat org.testng.SuiteRunnerWorker.run(SuiteRunnerWorker.java:95)\n\tat org.testng.TestNG.runSuitesSequentially(TestNG.java:1274)\n\tat org.testng.TestNG.runSuitesLocally(TestNG.java:1208)\n\tat org.testng.TestNG.runSuites(TestNG.java:1112)\n\tat org.testng.TestNG.run(TestNG.java:1079)\n\tat org.apache.maven.surefire.testng.TestNGExecutor.run(TestNGExecutor.java:155)\n\tat org.apache.maven.surefire.testng.TestNGDirectoryTestSuite.executeMulti(TestNGDirectoryTestSuite.java:169)\n\tat org.apache.maven.surefire.testng.TestNGDirectoryTestSuite.execute(TestNGDirectoryTestSuite.java:88)\n\tat org.apache.maven.surefire.testng.TestNGProvider.invoke(TestNGProvider.java:137)\n\tat org.apache.maven.surefire.booter.ForkedBooter.runSuitesInProcess(ForkedBooter.java:385)\n\tat org.apache.maven.surefire.booter.ForkedBooter.execute(ForkedBooter.java:162)\n\tat org.apache.maven.surefire.booter.ForkedBooter.run(ForkedBooter.java:507)\n\tat org.apache.maven.surefire.booter.ForkedBooter.main(ForkedBooter.java:495)\nCaused by: org.openqa.selenium.ElementClickInterceptedException: element click intercepted: Element <button class=\"flex items-center gap-4 px-3 py-1 w-fit bg-card rounded-xl hover:bg-card-hover _selectWrapper_lt1q3_100\">...</button> is not clickable at point (635, 306). Other element would receive the click: <div class=\"iekbcc0 ju367vc6 ju367vl ju367vt ju367vv\" style=\"inset: 0px; position: absolute; z-index: 1;\"></div>\n  (Session info: chrome=138.0.7204.157)\nBuild info: version: '4.33.0', revision: '2c6aaad03a'\nSystem info: os.name: 'Linux', os.arch: 'amd64', os.version: '6.11.0-1018-azure', java.version: '17.0.16'\nDriver info: org.openqa.selenium.chrome.ChromeDriver\nCommand: [00fdd4faecd11b4ed58674607e0feaec, clickElement {id=f.92D45415063082F5E4B4CC77A8E850B0.d.66EB62B8E35CDFA688FDACDFA6CAE360.e.42}]\nCapabilities {acceptInsecureCerts: true, browserName: chrome, browserVersion: 138.0.7204.157, chrome: {chromedriverVersion: 138.0.7204.157 (e533e98b126..., userDataDir: /tmp/.org.chromium.Chromium...}, fedcm:accounts: true, goog:chromeOptions: {debuggerAddress: localhost:43779}, networkConnectionEnabled: false, pageLoadStrategy: normal, platformName: linux, proxy: Proxy(), se:cdp: ws://localhost:43779/devtoo..., se:cdpVersion: 138.0.7204.157, setWindowRect: true, strictFileInteractability: false, timeouts: {implicit: 0, pageLoad: 300000, script: 30000}, unhandledPromptBehavior: accept, webauthn:extension:credBlob: true, webauthn:extension:largeBlob: true, webauthn:extension:minPinLength: true, webauthn:extension:prf: true, webauthn:virtualAuthenticators: true}\nElement: [[ChromeDriver: chrome on linux (00fdd4faecd11b4ed58674607e0feaec)] -> xpath: //div[text()='Sell:']/parent::div/parent::div//button[not(text()='Max')]]\nSession ID: 00fdd4faecd11b4ed58674607e0feaec\n\tat java.base/jdk.internal.reflect.NativeConstructorAccessorImpl.newInstance0(Native Method)\n\tat java.base/jdk.internal.reflect.NativeConstructorAccessorImpl.newInstance(NativeConstructorAccessorImpl.java:77)\n\tat java.base/jdk.internal.reflect.DelegatingConstructorAccessorImpl.newInstance(DelegatingConstructorAccessorImpl.java:45)\n\tat java.base/java.lang.reflect.Constructor.newInstanceWithCaller(Constructor.java:500)\n\tat java.base/java.lang.reflect.Constructor.newInstance(Constructor.java:481)\n\tat org.openqa.selenium.remote.ErrorCodec.decode(ErrorCodec.java:167)\n\tat org.openqa.selenium.remote.codec.w3c.W3CHttpResponseCodec.decode(W3CHttpResponseCodec.java:138)\n\tat org.openqa.selenium.remote.codec.w3c.W3CHttpResponseCodec.decode(W3CHttpResponseCodec.java:50)\n\tat org.openqa.selenium.remote.HttpCommandExecutor.execute(HttpCommandExecutor.java:215)\n\tat org.openqa.selenium.remote.service.DriverCommandExecutor.invokeExecute(DriverCommandExecutor.java:216)\n\tat org.openqa.selenium.remote.service.DriverCommandExecutor.execute(DriverCommandExecutor.java:174)\n\tat org.openqa.selenium.remote.RemoteWebDriver.execute(RemoteWebDriver.java:544)\n\tat org.openqa.selenium.remote.RemoteWebElement.execute(RemoteWebElement.java:223)\n\tat org.openqa.selenium.remote.RemoteWebElement.click(RemoteWebElement.java:76)\n\tat com.codeborne.selenide.commands.Click.defaultClick(Click.java:105)\n\tat com.codeborne.selenide.commands.Click.doClick(Click.java:83)\n\tat com.codeborne.selenide.commands.Click.click(Click.java:59)\n\tat com.codeborne.selenide.commands.Click.execute(Click.java:39)\n\tat com.codeborne.selenide.FluentCommand.execute(FluentCommand.java:27)\n\tat com.codeborne.selenide.FluentCommand.execute(FluentCommand.java:19)\n\tat com.codeborne.selenide.commands.Commands.execute(Commands.java:160)\n\tat com.codeborne.selenide.impl.SelenideElementProxy.dispatchAndRetry(SelenideElementProxy.java:131)\n\t... 38 more\n","flaky":false,"newFailed":false,"newBroken":false,"newPassed":false,"retriesCount":0,"retriesStatusChange":false,"beforeStages":[{"name":"setup","time":{"start":1753570078159,"stop":1753570081650,"duration":3491},"description":"","status":"passed","steps":[],"attachments":[],"parameters":[],"shouldDisplayMessage":false,"stepsCount":0,"attachmentsCount":0,"hasContent":false,"attachmentStep":false}],"testStage":{"status":"failed","statusMessage":"Invalid element state [By.xpath: //div[text()='Sell:']/parent::div/parent::div//button[not(text()='Max')]]: element click intercepted: Element <button class=\"flex items-center gap-4 px-3 py-1 w-fit bg-card rounded-xl hover:bg-card-hover _selectWrapper_lt1q3_100\">...</button> is not clickable at point (635, 306). Other element would receive the click: <div class=\"iekbcc0 ju367vc6 ju367vl ju367vt ju367vv\" style=\"inset: 0px; position: absolute; z-index: 1;\"></div>\nScreenshot: file:/home/runner/work/AtlantisDEX/AtlantisDEX/build/reports/tests/1753570149484.0.png\nPage source: file:/home/runner/work/AtlantisDEX/AtlantisDEX/build/reports/tests/1753570149484.0.html\nTimeout: 15 s.\nCaused by: ElementClickInterceptedException: element click intercepted: Element <button class=\"flex items-center gap-4 px-3 py-1 w-fit bg-card rounded-xl hover:bg-card-hover _selectWrapper_lt1q3_100\">...</button> is not clickable at point (635, 306). Other element would receive the click: <div class=\"iekbcc0 ju367vc6 ju367vl ju367vt ju367vv\" style=\"inset: 0px; position: absolute; z-index: 1;\"></div>","statusTrace":"Invalid element state [By.xpath: //div[text()='Sell:']/parent::div/parent::div//button[not(text()='Max')]]: element click intercepted: Element <button class=\"flex items-center gap-4 px-3 py-1 w-fit bg-card rounded-xl hover:bg-card-hover _selectWrapper_lt1q3_100\">...</button> is not clickable at point (635, 306). Other element would receive the click: <div class=\"iekbcc0 ju367vc6 ju367vl ju367vt ju367vv\" style=\"inset: 0px; position: absolute; z-index: 1;\"></div>\nScreenshot: file:/home/runner/work/AtlantisDEX/AtlantisDEX/build/reports/tests/1753570149484.0.png\nPage source: file:/home/runner/work/AtlantisDEX/AtlantisDEX/build/reports/tests/1753570149484.0.html\nTimeout: 15 s.\nCaused by: ElementClickInterceptedException: element click intercepted: Element <button class=\"flex items-center gap-4 px-3 py-1 w-fit bg-card rounded-xl hover:bg-card-hover _selectWrapper_lt1q3_100\">...</button> is not clickable at point (635, 306). Other element would receive the click: <div class=\"iekbcc0 ju367vc6 ju367vl ju367vt ju367vv\" style=\"inset: 0px; position: absolute; z-index: 1;\"></div>\n\tat com.codeborne.selenide.impl.ExceptionWrapper.wrap(ExceptionWrapper.java:19)\n\tat com.codeborne.selenide.impl.SelenideElementProxy.dispatchAndRetry(SelenideElementProxy.java:153)\n\tat com.codeborne.selenide.impl.SelenideElementProxy.invoke(SelenideElementProxy.java:83)\n\tat jdk.proxy2/jdk.proxy2.$Proxy28.click(Unknown Source)\n\tat pages.SwapPage.getTokenBalance(SwapPage.java:102)\n\tat pages.SwapPage.swapTokens(SwapPage.java:112)\n\tat tests.SwapTest.swapTokens(SwapTest.java:24)\n\tat java.base/jdk.internal.reflect.NativeMethodAccessorImpl.invoke0(Native Method)\n\tat java.base/jdk.internal.reflect.NativeMethodAccessorImpl.invoke(NativeMethodAccessorImpl.java:77)\n\tat java.base/jdk.internal.reflect.DelegatingMethodAccessorImpl.invoke(DelegatingMethodAccessorImpl.java:43)\n\tat java.base/java.lang.reflect.Method.invoke(Method.java:569)\n\tat org.testng.internal.invokers.MethodInvocationHelper.invokeMethod(MethodInvocationHelper.java:141)\n\tat org.testng.internal.invokers.TestInvoker.invokeMethod(TestInvoker.java:687)\n\tat org.testng.internal.invokers.TestInvoker.invokeTestMethod(TestInvoker.java:230)\n\tat org.testng.internal.invokers.MethodRunner.runInSequence(MethodRunner.java:63)\n\tat org.testng.internal.invokers.TestInvoker$MethodInvocationAgent.invoke(TestInvoker.java:995)\n\tat org.testng.internal.invokers.TestInvoker.invokeTestMethods(TestInvoker.java:203)\n\tat org.testng.internal.invokers.TestMethodWorker.invokeTestMethods(TestMethodWorker.java:154)\n\tat org.testng.internal.invokers.TestMethodWorker.run(TestMethodWorker.java:134)\n\tat java.base/java.util.ArrayList.forEach(ArrayList.java:1511)\n\tat org.testng.TestRunner.privateRun(TestRunner.java:741)\n\tat org.testng.TestRunner.run(TestRunner.java:616)\n\tat org.testng.SuiteRunner.runTest(SuiteRunner.java:421)\n\tat org.testng.SuiteRunner.runSequentially(SuiteRunner.java:413)\n\tat org.testng.SuiteRunner.privateRun(SuiteRunner.java:373)\n\tat org.testng.SuiteRunner.run(SuiteRunner.java:312)\n\tat org.testng.SuiteRunnerWorker.runSuite(SuiteRunnerWorker.java:52)\n\tat org.testng.SuiteRunnerWorker.run(SuiteRunnerWorker.java:95)\n\tat org.testng.TestNG.runSuitesSequentially(TestNG.java:1274)\n\tat org.testng.TestNG.runSuitesLocally(TestNG.java:1208)\n\tat org.testng.TestNG.runSuites(TestNG.java:1112)\n\tat org.testng.TestNG.run(TestNG.java:1079)\n\tat org.apache.maven.surefire.testng.TestNGExecutor.run(TestNGExecutor.java:155)\n\tat org.apache.maven.surefire.testng.TestNGDirectoryTestSuite.executeMulti(TestNGDirectoryTestSuite.java:169)\n\tat org.apache.maven.surefire.testng.TestNGDirectoryTestSuite.execute(TestNGDirectoryTestSuite.java:88)\n\tat org.apache.maven.surefire.testng.TestNGProvider.invoke(TestNGProvider.java:137)\n\tat org.apache.maven.surefire.booter.ForkedBooter.runSuitesInProcess(ForkedBooter.java:385)\n\tat org.apache.maven.surefire.booter.ForkedBooter.execute(ForkedBooter.java:162)\n\tat org.apache.maven.surefire.booter.ForkedBooter.run(ForkedBooter.java:507)\n\tat org.apache.maven.surefire.booter.ForkedBooter.main(ForkedBooter.java:495)\nCaused by: org.openqa.selenium.ElementClickInterceptedException: element click intercepted: Element <button class=\"flex items-center gap-4 px-3 py-1 w-fit bg-card rounded-xl hover:bg-card-hover _selectWrapper_lt1q3_100\">...</button> is not clickable at point (635, 306). Other element would receive the click: <div class=\"iekbcc0 ju367vc6 ju367vl ju367vt ju367vv\" style=\"inset: 0px; position: absolute; z-index: 1;\"></div>\n  (Session info: chrome=138.0.7204.157)\nBuild info: version: '4.33.0', revision: '2c6aaad03a'\nSystem info: os.name: 'Linux', os.arch: 'amd64', os.version: '6.11.0-1018-azure', java.version: '17.0.16'\nDriver info: org.openqa.selenium.chrome.ChromeDriver\nCommand: [00fdd4faecd11b4ed58674607e0feaec, clickElement {id=f.92D45415063082F5E4B4CC77A8E850B0.d.66EB62B8E35CDFA688FDACDFA6CAE360.e.42}]\nCapabilities {acceptInsecureCerts: true, browserName: chrome, browserVersion: 138.0.7204.157, chrome: {chromedriverVersion: 138.0.7204.157 (e533e98b126..., userDataDir: /tmp/.org.chromium.Chromium...}, fedcm:accounts: true, goog:chromeOptions: {debuggerAddress: localhost:43779}, networkConnectionEnabled: false, pageLoadStrategy: normal, platformName: linux, proxy: Proxy(), se:cdp: ws://localhost:43779/devtoo..., se:cdpVersion: 138.0.7204.157, setWindowRect: true, strictFileInteractability: false, timeouts: {implicit: 0, pageLoad: 300000, script: 30000}, unhandledPromptBehavior: accept, webauthn:extension:credBlob: true, webauthn:extension:largeBlob: true, webauthn:extension:minPinLength: true, webauthn:extension:prf: true, webauthn:virtualAuthenticators: true}\nElement: [[ChromeDriver: chrome on linux (00fdd4faecd11b4ed58674607e0feaec)] -> xpath: //div[text()='Sell:']/parent::div/parent::div//button[not(text()='Max')]]\nSession ID: 00fdd4faecd11b4ed58674607e0feaec\n\tat java.base/jdk.internal.reflect.NativeConstructorAccessorImpl.newInstance0(Native Method)\n\tat java.base/jdk.internal.reflect.NativeConstructorAccessorImpl.newInstance(NativeConstructorAccessorImpl.java:77)\n\tat java.base/jdk.internal.reflect.DelegatingConstructorAccessorImpl.newInstance(DelegatingConstructorAccessorImpl.java:45)\n\tat java.base/java.lang.reflect.Constructor.newInstanceWithCaller(Constructor.java:500)\n\tat java.base/java.lang.reflect.Constructor.newInstance(Constructor.java:481)\n\tat org.openqa.selenium.remote.ErrorCodec.decode(ErrorCodec.java:167)\n\tat org.openqa.selenium.remote.codec.w3c.W3CHttpResponseCodec.decode(W3CHttpResponseCodec.java:138)\n\tat org.openqa.selenium.remote.codec.w3c.W3CHttpResponseCodec.decode(W3CHttpResponseCodec.java:50)\n\tat org.openqa.selenium.remote.HttpCommandExecutor.execute(HttpCommandExecutor.java:215)\n\tat org.openqa.selenium.remote.service.DriverCommandExecutor.invokeExecute(DriverCommandExecutor.java:216)\n\tat org.openqa.selenium.remote.service.DriverCommandExecutor.execute(DriverCommandExecutor.java:174)\n\tat org.openqa.selenium.remote.RemoteWebDriver.execute(RemoteWebDriver.java:544)\n\tat org.openqa.selenium.remote.RemoteWebElement.execute(RemoteWebElement.java:223)\n\tat org.openqa.selenium.remote.RemoteWebElement.click(RemoteWebElement.java:76)\n\tat com.codeborne.selenide.commands.Click.defaultClick(Click.java:105)\n\tat com.codeborne.selenide.commands.Click.doClick(Click.java:83)\n\tat com.codeborne.selenide.commands.Click.click(Click.java:59)\n\tat com.codeborne.selenide.commands.Click.execute(Click.java:39)\n\tat com.codeborne.selenide.FluentCommand.execute(FluentCommand.java:27)\n\tat com.codeborne.selenide.FluentCommand.execute(FluentCommand.java:19)\n\tat com.codeborne.selenide.commands.Commands.execute(Commands.java:160)\n\tat com.codeborne.selenide.impl.SelenideElementProxy.dispatchAndRetry(SelenideElementProxy.java:131)\n\t... 38 more\n","steps":[{"name":"$(\"open\") https://app.atlantisdex.xyz/swap/v4/","time":{"start":1753570081858,"stop":1753570090596,"duration":8738},"status":"passed","steps":[{"name":"$(\"webdriver\") create()","time":{"start":1753570081863,"stop":1753570088581,"duration":6718},"status":"passed","steps":[],"attachments":[],"parameters":[],"shouldDisplayMessage":false,"stepsCount":0,"attachmentsCount":0,"hasContent":false,"attachmentStep":false}],"attachments":[],"parameters":[],"shouldDisplayMessage":false,"stepsCount":1,"attachmentsCount":0,"hasContent":true,"attachmentStep":false},{"name":"$(\"by text: Cross-Chain Swap\") should be(visible)","time":{"start":1753570090672,"stop":1753570090854,"duration":182},"status":"passed","steps":[],"attachments":[],"parameters":[],"shouldDisplayMessage":false,"stepsCount":0,"attachmentsCount":0,"hasContent":false,"attachmentStep":false},{"name":"$(\"open\") chrome-extension://baickakiacddlihiafkokkdklhnplgaj/home.html#onboarding/login","time":{"start":1753570091210,"stop":1753570091259,"duration":49},"status":"passed","steps":[],"attachments":[],"parameters":[],"shouldDisplayMessage":false,"stepsCount":0,"attachmentsCount":0,"hasContent":false,"attachmentStep":false},{"name":"$(\"[type='email']\") should be(visible)","time":{"start":1753570091259,"stop":1753570092743,"duration":1484},"status":"passed","steps":[],"attachments":[],"parameters":[],"shouldDisplayMessage":false,"stepsCount":0,"attachmentsCount":0,"hasContent":false,"attachmentStep":false},{"name":"$(\"[type='email']\") set value(m0nster.b1tch@gmail.com)","time":{"start":1753570092743,"stop":1753570092914,"duration":171},"status":"passed","steps":[],"attachments":[],"parameters":[],"shouldDisplayMessage":false,"stepsCount":0,"attachmentsCount":0,"hasContent":false,"attachmentStep":false},{"name":"$(\"[type='password']\") set value(kN0po4ka!))","time":{"start":1753570092914,"stop":1753570093029,"duration":115},"status":"passed","steps":[],"attachments":[],"parameters":[],"shouldDisplayMessage":false,"stepsCount":0,"attachmentsCount":0,"hasContent":false,"attachmentStep":false},{"name":"$(\"by text: CONTINUE\") click()","time":{"start":1753570093029,"stop":1753570093115,"duration":86},"status":"passed","steps":[],"attachments":[],"parameters":[],"shouldDisplayMessage":false,"stepsCount":0,"attachmentsCount":0,"hasContent":false,"attachmentStep":false},{"name":"$(\"by text: Create Pin Code\") should be(visible)","time":{"start":1753570093116,"stop":1753570096181,"duration":3065},"status":"passed","steps":[],"attachments":[],"parameters":[],"shouldDisplayMessage":false,"stepsCount":0,"attachmentsCount":0,"hasContent":false,"attachmentStep":false},{"name":"$(\"[placeholder='Your Pin Code']\") set value(123qwe12!))","time":{"start":1753570096181,"stop":1753570096278,"duration":97},"status":"passed","steps":[],"attachments":[],"parameters":[],"shouldDisplayMessage":false,"stepsCount":0,"attachmentsCount":0,"hasContent":false,"attachmentStep":false},{"name":"$(\"[placeholder='Confirm Pin Code']\") set value(123qwe12!))","time":{"start":1753570096278,"stop":1753570096368,"duration":90},"status":"passed","steps":[],"attachments":[],"parameters":[],"shouldDisplayMessage":false,"stepsCount":0,"attachmentsCount":0,"hasContent":false,"attachmentStep":false},{"name":"$(\"by text: Continue\") click()","time":{"start":1753570096369,"stop":1753570096485,"duration":116},"status":"passed","steps":[],"attachments":[],"parameters":[],"shouldDisplayMessage":false,"stepsCount":0,"attachmentsCount":0,"hasContent":false,"attachmentStep":false},{"name":"$(\"[type='checkbox']\") should be(visible)","time":{"start":1753570096485,"stop":1753570096503,"duration":18},"status":"passed","steps":[],"attachments":[],"parameters":[],"shouldDisplayMessage":false,"stepsCount":0,"attachmentsCount":0,"hasContent":false,"attachmentStep":false},{"name":"$(\"[type='checkbox']\") click()","time":{"start":1753570096504,"stop":1753570096574,"duration":70},"status":"passed","steps":[],"attachments":[],"parameters":[],"shouldDisplayMessage":false,"stepsCount":0,"attachmentsCount":0,"hasContent":false,"attachmentStep":false},{"name":"$(\"by text: Import Existing Wallet\") click()","time":{"start":1753570096574,"stop":1753570096654,"duration":80},"status":"passed","steps":[],"attachments":[],"parameters":[],"shouldDisplayMessage":false,"stepsCount":0,"attachmentsCount":0,"hasContent":false,"attachmentStep":false},{"name":"$(\"by text: Recover Wallet\") should be(visible)","time":{"start":1753570096654,"stop":1753570096672,"duration":18},"status":"passed","steps":[],"attachments":[],"parameters":[],"shouldDisplayMessage":false,"stepsCount":0,"attachmentsCount":0,"hasContent":false,"attachmentStep":false},{"name":"$(\"By.xpath: //div[(starts-with(text(), 'Import an existing'))]/following::div//div//input[0]\") set value(shy)","time":{"start":1753570096687,"stop":1753570096769,"duration":82},"status":"passed","steps":[],"attachments":[],"parameters":[],"shouldDisplayMessage":false,"stepsCount":0,"attachmentsCount":0,"hasContent":false,"attachmentStep":false},{"name":"$(\"By.xpath: //div[(starts-with(text(), 'Import an existing'))]/following::div//div//input[1]\") set value(charge)","time":{"start":1753570096781,"stop":1753570096866,"duration":85},"status":"passed","steps":[],"attachments":[],"parameters":[],"shouldDisplayMessage":false,"stepsCount":0,"attachmentsCount":0,"hasContent":false,"attachmentStep":false},{"name":"$(\"By.xpath: //div[(starts-with(text(), 'Import an existing'))]/following::div//div//input[2]\") set value(exhaust)","time":{"start":1753570096874,"stop":1753570096957,"duration":83},"status":"passed","steps":[],"attachments":[],"parameters":[],"shouldDisplayMessage":false,"stepsCount":0,"attachmentsCount":0,"hasContent":false,"attachmentStep":false},{"name":"$(\"By.xpath: //div[(starts-with(text(), 'Import an existing'))]/following::div//div//input[3]\") set value(spot)","time":{"start":1753570096966,"stop":1753570097048,"duration":82},"status":"passed","steps":[],"attachments":[],"parameters":[],"shouldDisplayMessage":false,"stepsCount":0,"attachmentsCount":0,"hasContent":false,"attachmentStep":false},{"name":"$(\"By.xpath: //div[(starts-with(text(), 'Import an existing'))]/following::div//div//input[4]\") set value(magnet)","time":{"start":1753570097057,"stop":1753570097140,"duration":83},"status":"passed","steps":[],"attachments":[],"parameters":[],"shouldDisplayMessage":false,"stepsCount":0,"attachmentsCount":0,"hasContent":false,"attachmentStep":false},{"name":"$(\"By.xpath: //div[(starts-with(text(), 'Import an existing'))]/following::div//div//input[5]\") set value(modify)","time":{"start":1753570097148,"stop":1753570097229,"duration":81},"status":"passed","steps":[],"attachments":[],"parameters":[],"shouldDisplayMessage":false,"stepsCount":0,"attachmentsCount":0,"hasContent":false,"attachmentStep":false},{"name":"$(\"By.xpath: //div[(starts-with(text(), 'Import an existing'))]/following::div//div//input[6]\") set value(erode)","time":{"start":1753570097236,"stop":1753570097319,"duration":83},"status":"passed","steps":[],"attachments":[],"parameters":[],"shouldDisplayMessage":false,"stepsCount":0,"attachmentsCount":0,"hasContent":false,"attachmentStep":false},{"name":"$(\"By.xpath: //div[(starts-with(text(), 'Import an existing'))]/following::div//div//input[7]\") set value(text)","time":{"start":1753570097328,"stop":1753570097409,"duration":81},"status":"passed","steps":[],"attachments":[],"parameters":[],"shouldDisplayMessage":false,"stepsCount":0,"attachmentsCount":0,"hasContent":false,"attachmentStep":false},{"name":"$(\"By.xpath: //div[(starts-with(text(), 'Import an existing'))]/following::div//div//input[8]\") set value(describe)","time":{"start":1753570097417,"stop":1753570097500,"duration":83},"status":"passed","steps":[],"attachments":[],"parameters":[],"shouldDisplayMessage":false,"stepsCount":0,"attachmentsCount":0,"hasContent":false,"attachmentStep":false},{"name":"$(\"By.xpath: //div[(starts-with(text(), 'Import an existing'))]/following::div//div//input[9]\") set value(confirm)","time":{"start":1753570097509,"stop":1753570097596,"duration":87},"status":"passed","steps":[],"attachments":[],"parameters":[],"shouldDisplayMessage":false,"stepsCount":0,"attachmentsCount":0,"hasContent":false,"attachmentStep":false},{"name":"$(\"By.xpath: //div[(starts-with(text(), 'Import an existing'))]/following::div//div//input[10]\") set value(fall)","time":{"start":1753570097604,"stop":1753570097707,"duration":103},"status":"passed","steps":[],"attachments":[],"parameters":[],"shouldDisplayMessage":false,"stepsCount":0,"attachmentsCount":0,"hasContent":false,"attachmentStep":false},{"name":"$(\"By.xpath: //div[(starts-with(text(), 'Import an existing'))]/following::div//div//input[11]\") set value(wife)","time":{"start":1753570097720,"stop":1753570097830,"duration":110},"status":"passed","steps":[],"attachments":[],"parameters":[],"shouldDisplayMessage":false,"stepsCount":0,"attachmentsCount":0,"hasContent":false,"attachmentStep":false},{"name":"$(\"by text: Continue\") click()","time":{"start":1753570097842,"stop":1753570097948,"duration":106},"status":"passed","steps":[],"attachments":[],"parameters":[],"shouldDisplayMessage":false,"stepsCount":0,"attachmentsCount":0,"hasContent":false,"attachmentStep":false},{"name":"$(\"by text: Start Using Wallet\") should be(visible)","time":{"start":1753570097948,"stop":1753570098190,"duration":242},"status":"passed","steps":[],"attachments":[],"parameters":[],"shouldDisplayMessage":false,"stepsCount":0,"attachmentsCount":0,"hasContent":false,"attachmentStep":false},{"name":"$(\"by text: Start Using Wallet\") click()","time":{"start":1753570098190,"stop":1753570098351,"duration":161},"status":"passed","steps":[],"attachments":[],"parameters":[],"shouldDisplayMessage":false,"stepsCount":0,"attachmentsCount":0,"hasContent":false,"attachmentStep":false},{"name":"$(\"open\") https://app.atlantisdex.xyz/swap/v4/","time":{"start":1753570098352,"stop":1753570099481,"duration":1129},"status":"passed","steps":[],"attachments":[],"parameters":[],"shouldDisplayMessage":false,"stepsCount":0,"attachmentsCount":0,"hasContent":false,"attachmentStep":false},{"name":"$(\"by text: Cross-Chain Swap\") should be(visible)","time":{"start":1753570099481,"stop":1753570099510,"duration":29},"status":"passed","steps":[],"attachments":[],"parameters":[],"shouldDisplayMessage":false,"stepsCount":0,"attachmentsCount":0,"hasContent":false,"attachmentStep":false},{"name":"$(\"by text: Connect\") click()","time":{"start":1753570099511,"stop":1753570099746,"duration":235},"status":"passed","steps":[],"attachments":[],"parameters":[],"shouldDisplayMessage":false,"stepsCount":0,"attachmentsCount":0,"hasContent":false,"attachmentStep":false},{"name":"$(\"by text: HaHa Wallet\") should be(visible)","time":{"start":1753570099747,"stop":1753570099799,"duration":52},"status":"passed","steps":[],"attachments":[],"parameters":[],"shouldDisplayMessage":false,"stepsCount":0,"attachmentsCount":0,"hasContent":false,"attachmentStep":false},{"name":"$(\"by text: HaHa Wallet\") click()","time":{"start":1753570099799,"stop":1753570099886,"duration":87},"status":"passed","steps":[],"attachments":[],"parameters":[],"shouldDisplayMessage":false,"stepsCount":0,"attachmentsCount":0,"hasContent":false,"attachmentStep":false},{"name":"$(\"by text: Select an amount for swap\") should be(visible)","time":{"start":1753570133991,"stop":1753570134009,"duration":18},"status":"passed","steps":[],"attachments":[],"parameters":[],"shouldDisplayMessage":false,"stepsCount":0,"attachmentsCount":0,"hasContent":false,"attachmentStep":false},{"name":"$(\"By.xpath: //div[text()='Sell:']/parent::div/parent::div//button[not(text()='Max')]\") click()","time":{"start":1753570134010,"stop":1753570150102,"duration":16092},"status":"failed","statusMessage":"Invalid element state [By.xpath: //div[text()='Sell:']/parent::div/parent::div//button[not(text()='Max')]]: element click intercepted: Element <button class=\"flex items-center gap-4 px-3 py-1 w-fit bg-card rounded-xl hover:bg-card-hover _selectWrapper_lt1q3_100\">...</button> is not clickable at point (635, 306). Other element would receive the click: <div class=\"iekbcc0 ju367vc6 ju367vl ju367vt ju367vv\" style=\"inset: 0px; position: absolute; z-index: 1;\"></div>\nScreenshot: file:/home/runner/work/AtlantisDEX/AtlantisDEX/build/reports/tests/1753570149484.0.png\nPage source: file:/home/runner/work/AtlantisDEX/AtlantisDEX/build/reports/tests/1753570149484.0.html\nTimeout: 15 s.\nCaused by: ElementClickInterceptedException: element click intercepted: Element <button class=\"flex items-center gap-4 px-3 py-1 w-fit bg-card rounded-xl hover:bg-card-hover _selectWrapper_lt1q3_100\">...</button> is not clickable at point (635, 306). Other element would receive the click: <div class=\"iekbcc0 ju367vc6 ju367vl ju367vt ju367vv\" style=\"inset: 0px; position: absolute; z-index: 1;\"></div>","statusTrace":"Invalid element state [By.xpath: //div[text()='Sell:']/parent::div/parent::div//button[not(text()='Max')]]: element click intercepted: Element <button class=\"flex items-center gap-4 px-3 py-1 w-fit bg-card rounded-xl hover:bg-card-hover _selectWrapper_lt1q3_100\">...</button> is not clickable at point (635, 306). Other element would receive the click: <div class=\"iekbcc0 ju367vc6 ju367vl ju367vt ju367vv\" style=\"inset: 0px; position: absolute; z-index: 1;\"></div>\nScreenshot: file:/home/runner/work/AtlantisDEX/AtlantisDEX/build/reports/tests/1753570149484.0.png\nPage source: file:/home/runner/work/AtlantisDEX/AtlantisDEX/build/reports/tests/1753570149484.0.html\nTimeout: 15 s.\nCaused by: ElementClickInterceptedException: element click intercepted: Element <button class=\"flex items-center gap-4 px-3 py-1 w-fit bg-card rounded-xl hover:bg-card-hover _selectWrapper_lt1q3_100\">...</button> is not clickable at point (635, 306). Other element would receive the click: <div class=\"iekbcc0 ju367vc6 ju367vl ju367vt ju367vv\" style=\"inset: 0px; position: absolute; z-index: 1;\"></div>\n\tat com.codeborne.selenide.impl.ExceptionWrapper.wrap(ExceptionWrapper.java:19)\n\tat com.codeborne.selenide.impl.SelenideElementProxy.dispatchAndRetry(SelenideElementProxy.java:153)\n\tat com.codeborne.selenide.impl.SelenideElementProxy.invoke(SelenideElementProxy.java:83)\n\tat jdk.proxy2/jdk.proxy2.$Proxy28.click(Unknown Source)\n\tat pages.SwapPage.getTokenBalance(SwapPage.java:102)\n\tat pages.SwapPage.swapTokens(SwapPage.java:112)\n\tat tests.SwapTest.swapTokens(SwapTest.java:24)\n\tat java.base/jdk.internal.reflect.NativeMethodAccessorImpl.invoke0(Native Method)\n\tat java.base/jdk.internal.reflect.NativeMethodAccessorImpl.invoke(NativeMethodAccessorImpl.java:77)\n\tat java.base/jdk.internal.reflect.DelegatingMethodAccessorImpl.invoke(DelegatingMethodAccessorImpl.java:43)\n\tat java.base/java.lang.reflect.Method.invoke(Method.java:569)\n\tat org.testng.internal.invokers.MethodInvocationHelper.invokeMethod(MethodInvocationHelper.java:141)\n\tat org.testng.internal.invokers.TestInvoker.invokeMethod(TestInvoker.java:687)\n\tat org.testng.internal.invokers.TestInvoker.invokeTestMethod(TestInvoker.java:230)\n\tat org.testng.internal.invokers.MethodRunner.runInSequence(MethodRunner.java:63)\n\tat org.testng.internal.invokers.TestInvoker$MethodInvocationAgent.invoke(TestInvoker.java:995)\n\tat org.testng.internal.invokers.TestInvoker.invokeTestMethods(TestInvoker.java:203)\n\tat org.testng.internal.invokers.TestMethodWorker.invokeTestMethods(TestMethodWorker.java:154)\n\tat org.testng.internal.invokers.TestMethodWorker.run(TestMethodWorker.java:134)\n\tat java.base/java.util.ArrayList.forEach(ArrayList.java:1511)\n\tat org.testng.TestRunner.privateRun(TestRunner.java:741)\n\tat org.testng.TestRunner.run(TestRunner.java:616)\n\tat org.testng.SuiteRunner.runTest(SuiteRunner.java:421)\n\tat org.testng.SuiteRunner.runSequentially(SuiteRunner.java:413)\n\tat org.testng.SuiteRunner.privateRun(SuiteRunner.java:373)\n\tat org.testng.SuiteRunner.run(SuiteRunner.java:312)\n\tat org.testng.SuiteRunnerWorker.runSuite(SuiteRunnerWorker.java:52)\n\tat org.testng.SuiteRunnerWorker.run(SuiteRunnerWorker.java:95)\n\tat org.testng.TestNG.runSuitesSequentially(TestNG.java:1274)\n\tat org.testng.TestNG.runSuitesLocally(TestNG.java:1208)\n\tat org.testng.TestNG.runSuites(TestNG.java:1112)\n\tat org.testng.TestNG.run(TestNG.java:1079)\n\tat org.apache.maven.surefire.testng.TestNGExecutor.run(TestNGExecutor.java:155)\n\tat org.apache.maven.surefire.testng.TestNGDirectoryTestSuite.executeMulti(TestNGDirectoryTestSuite.java:169)\n\tat org.apache.maven.surefire.testng.TestNGDirectoryTestSuite.execute(TestNGDirectoryTestSuite.java:88)\n\tat org.apache.maven.surefire.testng.TestNGProvider.invoke(TestNGProvider.java:137)\n\tat org.apache.maven.surefire.booter.ForkedBooter.runSuitesInProcess(ForkedBooter.java:385)\n\tat org.apache.maven.surefire.booter.ForkedBooter.execute(ForkedBooter.java:162)\n\tat org.apache.maven.surefire.booter.ForkedBooter.run(ForkedBooter.java:507)\n\tat org.apache.maven.surefire.booter.ForkedBooter.main(ForkedBooter.java:495)\nCaused by: org.openqa.selenium.ElementClickInterceptedException: element click intercepted: Element <button class=\"flex items-center gap-4 px-3 py-1 w-fit bg-card rounded-xl hover:bg-card-hover _selectWrapper_lt1q3_100\">...</button> is not clickable at point (635, 306). Other element would receive the click: <div class=\"iekbcc0 ju367vc6 ju367vl ju367vt ju367vv\" style=\"inset: 0px; position: absolute; z-index: 1;\"></div>\n  (Session info: chrome=138.0.7204.157)\nBuild info: version: '4.33.0', revision: '2c6aaad03a'\nSystem info: os.name: 'Linux', os.arch: 'amd64', os.version: '6.11.0-1018-azure', java.version: '17.0.16'\nDriver info: org.openqa.selenium.chrome.ChromeDriver\nCommand: [00fdd4faecd11b4ed58674607e0feaec, clickElement {id=f.92D45415063082F5E4B4CC77A8E850B0.d.66EB62B8E35CDFA688FDACDFA6CAE360.e.42}]\nCapabilities {acceptInsecureCerts: true, browserName: chrome, browserVersion: 138.0.7204.157, chrome: {chromedriverVersion: 138.0.7204.157 (e533e98b126..., userDataDir: /tmp/.org.chromium.Chromium...}, fedcm:accounts: true, goog:chromeOptions: {debuggerAddress: localhost:43779}, networkConnectionEnabled: false, pageLoadStrategy: normal, platformName: linux, proxy: Proxy(), se:cdp: ws://localhost:43779/devtoo..., se:cdpVersion: 138.0.7204.157, setWindowRect: true, strictFileInteractability: false, timeouts: {implicit: 0, pageLoad: 300000, script: 30000}, unhandledPromptBehavior: accept, webauthn:extension:credBlob: true, webauthn:extension:largeBlob: true, webauthn:extension:minPinLength: true, webauthn:extension:prf: true, webauthn:virtualAuthenticators: true}\nElement: [[ChromeDriver: chrome on linux (00fdd4faecd11b4ed58674607e0feaec)] -> xpath: //div[text()='Sell:']/parent::div/parent::div//button[not(text()='Max')]]\nSession ID: 00fdd4faecd11b4ed58674607e0feaec\n\tat java.base/jdk.internal.reflect.NativeConstructorAccessorImpl.newInstance0(Native Method)\n\tat java.base/jdk.internal.reflect.NativeConstructorAccessorImpl.newInstance(NativeConstructorAccessorImpl.java:77)\n\tat java.base/jdk.internal.reflect.DelegatingConstructorAccessorImpl.newInstance(DelegatingConstructorAccessorImpl.java:45)\n\tat java.base/java.lang.reflect.Constructor.newInstanceWithCaller(Constructor.java:500)\n\tat java.base/java.lang.reflect.Constructor.newInstance(Constructor.java:481)\n\tat org.openqa.selenium.remote.ErrorCodec.decode(ErrorCodec.java:167)\n\tat org.openqa.selenium.remote.codec.w3c.W3CHttpResponseCodec.decode(W3CHttpResponseCodec.java:138)\n\tat org.openqa.selenium.remote.codec.w3c.W3CHttpResponseCodec.decode(W3CHttpResponseCodec.java:50)\n\tat org.openqa.selenium.remote.HttpCommandExecutor.execute(HttpCommandExecutor.java:215)\n\tat org.openqa.selenium.remote.service.DriverCommandExecutor.invokeExecute(DriverCommandExecutor.java:216)\n\tat org.openqa.selenium.remote.service.DriverCommandExecutor.execute(DriverCommandExecutor.java:174)\n\tat org.openqa.selenium.remote.RemoteWebDriver.execute(RemoteWebDriver.java:544)\n\tat org.openqa.selenium.remote.RemoteWebElement.execute(RemoteWebElement.java:223)\n\tat org.openqa.selenium.remote.RemoteWebElement.click(RemoteWebElement.java:76)\n\tat com.codeborne.selenide.commands.Click.defaultClick(Click.java:105)\n\tat com.codeborne.selenide.commands.Click.doClick(Click.java:83)\n\tat com.codeborne.selenide.commands.Click.click(Click.java:59)\n\tat com.codeborne.selenide.commands.Click.execute(Click.java:39)\n\tat com.codeborne.selenide.FluentCommand.execute(FluentCommand.java:27)\n\tat com.codeborne.selenide.FluentCommand.execute(FluentCommand.java:19)\n\tat com.codeborne.selenide.commands.Commands.execute(Commands.java:160)\n\tat com.codeborne.selenide.impl.SelenideElementProxy.dispatchAndRetry(SelenideElementProxy.java:131)\n\t... 38 more\n","steps":[],"attachments":[{"uid":"cf6df812663bedc","name":"Screenshot","source":"cf6df812663bedc.png","type":"image/png","size":147856}],"parameters":[],"shouldDisplayMessage":true,"stepsCount":0,"attachmentsCount":1,"hasContent":true,"attachmentStep":false}],"attachments":[],"parameters":[],"shouldDisplayMessage":false,"stepsCount":38,"attachmentsCount":1,"hasContent":true,"attachmentStep":false},"afterStages":[{"name":"TearDawn","time":{"start":1753570150126,"stop":1753570150221,"duration":95},"description":"","status":"passed","steps":[],"attachments":[],"parameters":[],"shouldDisplayMessage":false,"stepsCount":0,"attachmentsCount":0,"hasContent":false,"attachmentStep":false}],"labels":[{"name":"package","value":"tests.SwapTest"},{"name":"testClass","value":"tests.SwapTest"},{"name":"testMethod","value":"swapTokens"},{"name":"parentSuite","value":"Surefire suite"},{"name":"suite","value":"Surefire test"},{"name":"subSuite","value":"tests.SwapTest"},{"name":"host","value":"pkrvmpptgkbjq6m"},{"name":"thread","value":"4634@pkrvmpptgkbjq6m.main(1)"},{"name":"framework","value":"testng"},{"name":"language","value":"java"},{"name":"resultFormat","value":"allure2"}],"parameters":[],"links":[],"hidden":false,"retry":false,"extra":{"severity":"normal","retries":[],"categories":[{"name":"Product defects","matchedStatuses":[],"flaky":false}],"history":{"statistic":{"failed":4,"broken":0,"skipped":0,"passed":0,"unknown":0,"total":4},"items":[{"uid":"3e6833de0f8757e0","reportUrl":"https://Aloshya-QA.github.io/AtlantisDEX/10//#testresult/3e6833de0f8757e0","status":"failed","statusDetails":"Invalid element state [By.xpath: //div[text()='Sell:']/parent::div/parent::div//button[not(text()='Max')]]: element click intercepted: Element <button class=\"flex items-center gap-4 px-3 py-1 w-fit bg-card rounded-xl hover:bg-card-hover _selectWrapper_lt1q3_100\">...</button> is not clickable at point (635, 306). Other element would receive the click: <div class=\"iekbcc0 ju367vc6 ju367vl ju367vt ju367vv\" style=\"inset: 0px; position: absolute; z-index: 1;\"></div>\nScreenshot: file:/home/runner/work/AtlantisDEX/AtlantisDEX/build/reports/tests/1753569764742.0.png\nPage source: file:/home/runner/work/AtlantisDEX/AtlantisDEX/build/reports/tests/1753569764742.0.html\nTimeout: 15 s.\nCaused by: ElementClickInterceptedException: element click intercepted: Element <button class=\"flex items-center gap-4 px-3 py-1 w-fit bg-card rounded-xl hover:bg-card-hover _selectWrapper_lt1q3_100\">...</button> is not clickable at point (635, 306). Other element would receive the click: <div class=\"iekbcc0 ju367vc6 ju367vl ju367vt ju367vv\" style=\"inset: 0px; position: absolute; z-index: 1;\"></div>","time":{"start":1753569689184,"stop":1753569765337,"duration":76153}},{"uid":"41fcfb8e49bc1863","reportUrl":"https://Aloshya-QA.github.io/AtlantisDEX/9//#testresult/41fcfb8e49bc1863","status":"failed","statusDetails":"Invalid element state [By.xpath: //div[text()='Sell:']/parent::div/parent::div//button[not(text()='Max')]]: element click intercepted: Element <button class=\"flex items-center gap-4 px-3 py-1 w-fit bg-card rounded-xl hover:bg-card-hover _selectWrapper_lt1q3_100\">...</button> is not clickable at point (635, 306). Other element would receive the click: <div class=\"iekbcc0 ju367vc6 ju367vl ju367vt ju367vv\" style=\"inset: 0px; position: absolute; z-index: 1;\"></div>\nScreenshot: file:/home/runner/work/AtlantisDEX/AtlantisDEX/build/reports/tests/1753568932779.0.png\nPage source: file:/home/runner/work/AtlantisDEX/AtlantisDEX/build/reports/tests/1753568932779.0.html\nTimeout: 15 s.\nCaused by: ElementClickInterceptedException: element click intercepted: Element <button class=\"flex items-center gap-4 px-3 py-1 w-fit bg-card rounded-xl hover:bg-card-hover _selectWrapper_lt1q3_100\">...</button> is not clickable at point (635, 306). Other element would receive the click: <div class=\"iekbcc0 ju367vc6 ju367vl ju367vt ju367vv\" style=\"inset: 0px; position: absolute; z-index: 1;\"></div>","time":{"start":1753568862509,"stop":1753568933369,"duration":70860}},{"uid":"9e5f3a87b4c9fbec","reportUrl":"https://Aloshya-QA.github.io/AtlantisDEX/8//#testresult/9e5f3a87b4c9fbec","status":"failed","statusDetails":"Invalid element state [By.xpath: //div[text()='Sell:']/parent::div/parent::div//button[not(text()='Max')]]: element click intercepted: Element <button class=\"flex items-center gap-4 px-3 py-1 w-fit bg-card rounded-xl hover:bg-card-hover _selectWrapper_lt1q3_100\">...</button> is not clickable at point (635, 306). Other element would receive the click: <div class=\"iekbcc0 ju367vc6 ju367vl ju367vt ju367vv\" style=\"inset: 0px; position: absolute; z-index: 1;\"></div>\nScreenshot: file:/home/runner/work/AtlantisDEX/AtlantisDEX/build/reports/tests/1753567980820.0.png\nPage source: file:/home/runner/work/AtlantisDEX/AtlantisDEX/build/reports/tests/1753567980820.0.html\nTimeout: 15 s.\nCaused by: ElementClickInterceptedException: element click intercepted: Element <button class=\"flex items-center gap-4 px-3 py-1 w-fit bg-card rounded-xl hover:bg-card-hover _selectWrapper_lt1q3_100\">...</button> is not clickable at point (635, 306). Other element would receive the click: <div class=\"iekbcc0 ju367vc6 ju367vl ju367vt ju367vv\" style=\"inset: 0px; position: absolute; z-index: 1;\"></div>","time":{"start":1753567908212,"stop":1753567981405,"duration":73193}}]},"tags":[]},"source":"de3a01c2e30566b9.json","parameterValues":[]}